<?xml version="1.0" encoding="UTF-8"?>
<exportdata>
<object x="0" y="10" height="0" rotation="0" name="example-object">
	<tag k="width" v="2"/>
</object>
</exportdata>